<?xml version="1.0" encoding="UTF-8"?>
<!-- Generated by org.testng.reporters.JUnitXMLReporter -->
<testsuite ignored="0" hostname="LAPTOP-8TP6OQIJ" failures="0" tests="4" name="Test" time="21.939" errors="0" timestamp="2023-07-04T07:26:28 IST">
  <testcase classname="testcases.LoginTestCase" name="verifyLogin" time="0.467"/>
  <testcase classname="testcases.LoginTestCase" name="verifyLogin" time="0.656"/>
  <testcase classname="testcases.LoginTestCase" name="verifyLogin" time="0.589"/>
  <testcase classname="testcases.SignupTestCases" name="verifySignup" time="7.571"/>
</testsuite> <!-- Test -->
