<?xml version="1.0" encoding="UTF-8"?>
<testng-results ignored="0" total="4" passed="4" failed="0" skipped="0">
  <reporter-output>
  </reporter-output>
  <suite started-at="2023-07-04T07:26:06 IST" name="Suite" finished-at="2023-07-04T07:26:28 IST" duration-ms="21939">
    <groups>
    </groups>
    <test started-at="2023-07-04T07:26:06 IST" name="Test" finished-at="2023-07-04T07:26:28 IST" duration-ms="21939">
      <class name="testcases.SignupTestCases">
        <test-method is-config="true" signature="launchBrowserandURL()[pri:0, instance:testcases.SignupTestCases@1b11171f]" started-at="2023-07-04T07:26:17 IST" name="launchBrowserandURL" finished-at="2023-07-04T07:26:20 IST" duration-ms="3164" status="PASS">
          <reporter-output>
          </reporter-output>
        </test-method> <!-- launchBrowserandURL -->
        <test-method signature="verifySignup()[pri:0, instance:testcases.SignupTestCases@1b11171f]" started-at="2023-07-04T07:26:20 IST" name="verifySignup" finished-at="2023-07-04T07:26:28 IST" duration-ms="7571" status="PASS">
          <reporter-output>
          </reporter-output>
        </test-method> <!-- verifySignup -->
      </class> <!-- testcases.SignupTestCases -->
      <class name="testcases.LoginTestCase">
        <test-method is-config="true" signature="launchBrowserandURL()[pri:0, instance:testcases.LoginTestCase@58d75e99]" started-at="2023-07-04T07:26:06 IST" name="launchBrowserandURL" finished-at="2023-07-04T07:26:10 IST" duration-ms="4058" status="PASS">
          <reporter-output>
          </reporter-output>
        </test-method> <!-- launchBrowserandURL -->
        <test-method signature="verifyLogin(java.lang.String,java.lang.String)[pri:0, instance:testcases.LoginTestCase@58d75e99]" started-at="2023-07-04T07:26:10 IST" name="verifyLogin" data-provider="testData" finished-at="2023-07-04T07:26:11 IST" duration-ms="467" status="PASS">
          <params>
            <param index="0">
              <value>
                <![CDATA[rahul]]>
              </value>
            </param>
            <param index="1">
              <value>
                <![CDATA[secure123]]>
              </value>
            </param>
          </params>
          <reporter-output>
          </reporter-output>
        </test-method> <!-- verifyLogin -->
        <test-method is-config="true" signature="launchBrowserandURL()[pri:0, instance:testcases.LoginTestCase@58d75e99]" started-at="2023-07-04T07:26:11 IST" name="launchBrowserandURL" finished-at="2023-07-04T07:26:13 IST" duration-ms="2614" status="PASS">
          <reporter-output>
          </reporter-output>
        </test-method> <!-- launchBrowserandURL -->
        <test-method signature="verifyLogin(java.lang.String,java.lang.String)[pri:0, instance:testcases.LoginTestCase@58d75e99]" started-at="2023-07-04T07:26:13 IST" name="verifyLogin" data-provider="testData" finished-at="2023-07-04T07:26:14 IST" duration-ms="656" status="PASS">
          <params>
            <param index="0">
              <value>
                <![CDATA[rahul]]>
              </value>
            </param>
            <param index="1">
              <value>
                <![CDATA[secure123]]>
              </value>
            </param>
          </params>
          <reporter-output>
          </reporter-output>
        </test-method> <!-- verifyLogin -->
        <test-method is-config="true" signature="launchBrowserandURL()[pri:0, instance:testcases.LoginTestCase@58d75e99]" started-at="2023-07-04T07:26:14 IST" name="launchBrowserandURL" finished-at="2023-07-04T07:26:17 IST" duration-ms="2778" status="PASS">
          <reporter-output>
          </reporter-output>
        </test-method> <!-- launchBrowserandURL -->
        <test-method signature="verifyLogin(java.lang.String,java.lang.String)[pri:0, instance:testcases.LoginTestCase@58d75e99]" started-at="2023-07-04T07:26:17 IST" name="verifyLogin" data-provider="testData" finished-at="2023-07-04T07:26:17 IST" duration-ms="589" status="PASS">
          <params>
            <param index="0">
              <value>
                <![CDATA[rahul]]>
              </value>
            </param>
            <param index="1">
              <value>
                <![CDATA[secure123]]>
              </value>
            </param>
          </params>
          <reporter-output>
          </reporter-output>
        </test-method> <!-- verifyLogin -->
      </class> <!-- testcases.LoginTestCase -->
    </test> <!-- Test -->
  </suite> <!-- Suite -->
</testng-results>
